<?xml version="1.0" encoding="UTF-8"?>
<testsuite name="NewsApiIntegrationServiceTest" tests="1" skipped="0" failures="0" errors="0" timestamp="2017-03-20T21:39:32" hostname="Josss-MBP" time="2.94">
  <properties/>
  <testcase name="checkNewsApiServiceGuardian" classname="NewsApiIntegrationServiceTest" time="2.94"/>
  <system-out><![CDATA[Testing guardian news com.jmt.geomonitor.service for category: UK


Testing guardian news com.jmt.geomonitor.service for category: STUDENT


]]></system-out>
  <system-err><![CDATA[]]></system-err>
</testsuite>
