<?xml version="1.0" encoding="UTF-8"?>
<testsuite name="NewsApiRestControllerTest" tests="1" skipped="0" failures="0" errors="0" timestamp="2017-03-20T21:46:03" hostname="Josss-MBP" time="0.024">
  <properties/>
  <testcase name="checkNewsApiRestControllerResponse" classname="NewsApiRestControllerTest" time="0.024"/>
  <system-out><![CDATA[]]></system-out>
  <system-err><![CDATA[]]></system-err>
</testsuite>
